<html>
<head>
<title>TestNG:  Test</title>
<link href="../testng.css" rel="stylesheet" type="text/css" />
<link href="../my-testng.css" rel="stylesheet" type="text/css" />

<style type="text/css">
.log { display: none;} 
.stack-trace { display: none;} 
</style>
<script type="text/javascript">
<!--
function flip(e) {
  current = e.style.display;
  if (current == 'block') {
    e.style.display = 'none';
    return 0;
  }
  else {
    e.style.display = 'block';
    return 1;
  }
}

function toggleBox(szDivId, elem, msg1, msg2)
{
  var res = -1;  if (document.getElementById) {
    res = flip(document.getElementById(szDivId));
  }
  else if (document.all) {
    // this is the way old msie versions work
    res = flip(document.all[szDivId]);
  }
  if(elem) {
    if(res == 0) elem.innerHTML = msg1; else elem.innerHTML = msg2;
  }

}

function toggleAllBoxes() {
  if (document.getElementsByTagName) {
    d = document.getElementsByTagName('div');
    for (i = 0; i < d.length; i++) {
      if (d[i].className == 'log') {
        flip(d[i]);
      }
    }
  }
}

// -->
</script>

</head>
<body>
<h2 align='center'>Test</h2><table border='1' align="center">
<tr>
<td>Tests passed/Failed/Skipped:</td><td>4/2/0</td>
</tr><tr>
<td>Started on:</td><td>Wed Jul 23 10:17:15 EDT 2025</td>
</tr>
<tr><td>Total time:</td><td>11 seconds (11692 ms)</td>
</tr><tr>
<td>Included groups:</td><td></td>
</tr><tr>
<td>Excluded groups:</td><td></td>
</tr>
</table><p/>
<small><i>(Hover the method name to see the test class name)</i></small><p/>
<table width='100%' border='1' class='invocation-failed'>
<tr><td colspan='4' align='center'><b>FAILED TESTS</b></td></tr>
<tr><td><b>Test method</b></td>
<td><b>Attribute(s)</b></td>
<td width="30%"><b>Exception</b></td>
<td width="10%"><b>Time (seconds)</b></td>
<td><b>Instance</b></td>
</tr>
<tr>
<td title='axeFirst.tests.Agile1TechEntireTest.testResultsOnAgile1Tech()'><b>testResultsOnAgile1Tech</b><br>Test class: axeFirst.tests.Agile1TechEntireTest<br>Parameters: https://www.agile1tech.com/, Agile1TechCorporateTest<br/>
<a href="#Output-932885627" onClick='toggleBox("Output-932885627", this, "Show output", "Hide output");'>Show output</a>

<a href="#Output-932885627" onClick="toggleAllBoxes();">Show all outputs</a>
<div class='log' id="Output-932885627">
#AXE.report(violations)<br/>
</div>
</td>
<td><div><pre>java.lang.AssertionError: Found 7 accessibility violations:
1) ARIA role must be appropriate for the element: https://dequeuniversity.com/rules/axe/3.1/aria-allowed-role?application=axeAPI
  a) [&quot;iframe[title=\&quot;reCAPTCHA\&quot;]&quot;]
    Fix any of the following:
      role presentation  is not allowed for given element


2) ARIA attributes must conform to valid names: https://dequeuniversity.com/rules/axe/3.1/aria-valid-attr?application=axeAPI
  a) [&quot;iframe[width=\&quot;\\31 00\\%\&quot;]&quot;,&quot;div[aria-label=\&quot;Map\&quot;]&quot;]
    Fix any of the following:
      Invalid ARIA attribute name: aria-roledescription


3) id attribute value must be unique: https://dequeuniversity.com/rules/axe/3.1/duplicate-id?application=axeAPI
  a) [&quot;#main &gt; section:nth-child(1)&quot;]
    Fix any of the following:
      Document has multiple static elements with the same id attribute


4) Frames must have title attribute: https://dequeuniversity.com/rules/axe/3.1/frame-title?application=axeAPI
  a) [&quot;iframe[width=\&quot;\\31 00\\%\&quot;]&quot;]
    Fix any of the following:
      aria-label attribute does not exist or is empty
      aria-labelledby attribute does not exist, references elements that do not exist or references elements that are empty
      Element has no title attribute or the title attribute is empty
      Element&apos;s default semantics were not overridden with role=&quot;presentation&quot;
      Element&apos;s default semantics were not overridden with role=&quot;none&quot;


5) &lt;html&gt; element must have a lang attribute: https://dequeuniversity.com/rules/axe/3.1/html-has-lang?application=axeAPI
  a) [&quot;iframe[width=\&quot;\\31 00\\%\&quot;]&quot;,&quot;html&quot;]
    Fix any of the following:
      The &lt;html&gt; element does not have a lang attribute


6) Links must have discernible text: https://dequeuniversity.com/rules/axe/3.1/link-name?application=axeAPI
  a) [&quot;a[href$=\&quot;www.agile1tech.com\&quot;]&quot;]
    Fix all of the following:
      Element is in tab order and does not have accessible text

    Fix any of the following:
      Element does not have text that is visible to screen readers
      aria-label attribute does not exist or is empty
      aria-labelledby attribute does not exist, references elements that do not exist or references elements that are empty
      Element&apos;s default semantics were not overridden with role=&quot;presentation&quot;
      Element&apos;s default semantics were not overridden with role=&quot;none&quot;


7) All page content must be contained by landmarks: https://dequeuniversity.com/rules/axe/3.1/region?application=axeAPI
  a) [&quot;html&quot;]
    Fix any of the following:
      Some page content is not contained by landmarks

 expected [true] but found [false]
	at axeFirst.tests.Agile1TechEntireTest.testResultsOnAgile1Tech(Agile1TechEntireTest.java:51)
	at java.base/java.util.ArrayList.forEach(ArrayList.java:1596)
... Removed 28 stack frames</pre></div><a href='#' onClick='toggleBox("stack-trace932885627", this, "Click to show all stack frames", "Click to hide stack frames")'>Click to show all stack frames</a>
<div class='stack-trace' id='stack-trace932885627'><pre>java.lang.AssertionError: Found 7 accessibility violations:
1) ARIA role must be appropriate for the element: https://dequeuniversity.com/rules/axe/3.1/aria-allowed-role?application=axeAPI
  a) [&quot;iframe[title=\&quot;reCAPTCHA\&quot;]&quot;]
    Fix any of the following:
      role presentation  is not allowed for given element


2) ARIA attributes must conform to valid names: https://dequeuniversity.com/rules/axe/3.1/aria-valid-attr?application=axeAPI
  a) [&quot;iframe[width=\&quot;\\31 00\\%\&quot;]&quot;,&quot;div[aria-label=\&quot;Map\&quot;]&quot;]
    Fix any of the following:
      Invalid ARIA attribute name: aria-roledescription


3) id attribute value must be unique: https://dequeuniversity.com/rules/axe/3.1/duplicate-id?application=axeAPI
  a) [&quot;#main &gt; section:nth-child(1)&quot;]
    Fix any of the following:
      Document has multiple static elements with the same id attribute


4) Frames must have title attribute: https://dequeuniversity.com/rules/axe/3.1/frame-title?application=axeAPI
  a) [&quot;iframe[width=\&quot;\\31 00\\%\&quot;]&quot;]
    Fix any of the following:
      aria-label attribute does not exist or is empty
      aria-labelledby attribute does not exist, references elements that do not exist or references elements that are empty
      Element has no title attribute or the title attribute is empty
      Element&apos;s default semantics were not overridden with role=&quot;presentation&quot;
      Element&apos;s default semantics were not overridden with role=&quot;none&quot;


5) &lt;html&gt; element must have a lang attribute: https://dequeuniversity.com/rules/axe/3.1/html-has-lang?application=axeAPI
  a) [&quot;iframe[width=\&quot;\\31 00\\%\&quot;]&quot;,&quot;html&quot;]
    Fix any of the following:
      The &lt;html&gt; element does not have a lang attribute


6) Links must have discernible text: https://dequeuniversity.com/rules/axe/3.1/link-name?application=axeAPI
  a) [&quot;a[href$=\&quot;www.agile1tech.com\&quot;]&quot;]
    Fix all of the following:
      Element is in tab order and does not have accessible text

    Fix any of the following:
      Element does not have text that is visible to screen readers
      aria-label attribute does not exist or is empty
      aria-labelledby attribute does not exist, references elements that do not exist or references elements that are empty
      Element&apos;s default semantics were not overridden with role=&quot;presentation&quot;
      Element&apos;s default semantics were not overridden with role=&quot;none&quot;


7) All page content must be contained by landmarks: https://dequeuniversity.com/rules/axe/3.1/region?application=axeAPI
  a) [&quot;html&quot;]
    Fix any of the following:
      Some page content is not contained by landmarks

 expected [true] but found [false]
	at org.testng.Assert.fail(Assert.java:111)
	at org.testng.Assert.failNotEquals(Assert.java:1590)
	at org.testng.Assert.assertTrue(Assert.java:57)
	at axeFirst.tests.Agile1TechEntireTest.testResultsOnAgile1Tech(Agile1TechEntireTest.java:51)
	at java.base/jdk.internal.reflect.DirectMethodHandleAccessor.invoke(DirectMethodHandleAccessor.java:103)
	at java.base/java.lang.reflect.Method.invoke(Method.java:580)
	at org.testng.internal.invokers.MethodInvocationHelper.invokeMethod(MethodInvocationHelper.java:141)
	at org.testng.internal.invokers.TestInvoker.invokeMethod(TestInvoker.java:687)
	at org.testng.internal.invokers.TestInvoker.invokeTestMethod(TestInvoker.java:230)
	at org.testng.internal.invokers.MethodRunner.runInSequence(MethodRunner.java:63)
	at org.testng.internal.invokers.TestInvoker$MethodInvocationAgent.invoke(TestInvoker.java:995)
	at org.testng.internal.invokers.TestInvoker.invokeTestMethods(TestInvoker.java:203)
	at org.testng.internal.invokers.TestMethodWorker.invokeTestMethods(TestMethodWorker.java:154)
	at org.testng.internal.invokers.TestMethodWorker.run(TestMethodWorker.java:134)
	at java.base/java.util.ArrayList.forEach(ArrayList.java:1596)
	at org.testng.TestRunner.privateRun(TestRunner.java:741)
	at org.testng.TestRunner.run(TestRunner.java:616)
	at org.testng.SuiteRunner.runTest(SuiteRunner.java:421)
	at org.testng.SuiteRunner.runSequentially(SuiteRunner.java:413)
	at org.testng.SuiteRunner.privateRun(SuiteRunner.java:373)
	at org.testng.SuiteRunner.run(SuiteRunner.java:312)
	at org.testng.SuiteRunnerWorker.runSuite(SuiteRunnerWorker.java:52)
	at org.testng.SuiteRunnerWorker.run(SuiteRunnerWorker.java:95)
	at org.testng.TestNG.runSuitesSequentially(TestNG.java:1274)
	at org.testng.TestNG.runSuitesLocally(TestNG.java:1208)
	at org.testng.TestNG.runSuites(TestNG.java:1112)
	at org.testng.TestNG.run(TestNG.java:1079)
	at org.testng.remote.AbstractRemoteTestNG.run(AbstractRemoteTestNG.java:115)
	at org.testng.remote.RemoteTestNG.initAndRun(RemoteTestNG.java:293)
	at org.testng.remote.RemoteTestNG.main(RemoteTestNG.java:91)
</pre></div></td>
<td>1</td>
<td>axeFirst.tests.Agile1TechEntireTest@6150c3ec</td></tr>
<tr>
<td title='axeFirst.tests.Agile1TechEntireTest.testResultsOnAgile1Tech()'><b>testResultsOnAgile1Tech</b><br>Test class: axeFirst.tests.Agile1TechEntireTest<br>Parameters: https://www.agile1tech.com/career, YahooTest<br/>
<a href="#Output-1574615832" onClick='toggleBox("Output-1574615832", this, "Show output", "Hide output");'>Show output</a>

<a href="#Output-1574615832" onClick="toggleAllBoxes();">Show all outputs</a>
<div class='log' id="Output-1574615832">
#AXE.report(violations)<br/>
</div>
</td>
<td><div><pre>java.lang.AssertionError: Found 3 accessibility violations:
1) Heading levels should only increase by one: https://dequeuniversity.com/rules/axe/3.1/heading-order?application=axeAPI
  a) [&quot;h3&quot;]
    Fix any of the following:
      Heading order invalid


2) Images must have alternate text: https://dequeuniversity.com/rules/axe/3.1/image-alt?application=axeAPI
  a) [&quot;.img-fluid&quot;]
    Fix any of the following:
      Element does not have an alt attribute
      aria-label attribute does not exist or is empty
      aria-labelledby attribute does not exist, references elements that do not exist or references elements that are empty
      Element has no title attribute or the title attribute is empty
      Element&apos;s default semantics were not overridden with role=&quot;presentation&quot;
      Element&apos;s default semantics were not overridden with role=&quot;none&quot;


3) Links must have discernible text: https://dequeuniversity.com/rules/axe/3.1/link-name?application=axeAPI
  a) [&quot;a[href$=\&quot;www.agile1tech.com\&quot;]&quot;]
    Fix all of the following:
      Element is in tab order and does not have accessible text

    Fix any of the following:
      Element does not have text that is visible to screen readers
      aria-label attribute does not exist or is empty
      aria-labelledby attribute does not exist, references elements that do not exist or references elements that are empty
      Element&apos;s default semantics were not overridden with role=&quot;presentation&quot;
      Element&apos;s default semantics were not overridden with role=&quot;none&quot;

 expected [true] but found [false]
	at axeFirst.tests.Agile1TechEntireTest.testResultsOnAgile1Tech(Agile1TechEntireTest.java:51)
	at java.base/java.util.ArrayList.forEach(ArrayList.java:1596)
... Removed 28 stack frames</pre></div><a href='#' onClick='toggleBox("stack-trace1574615832", this, "Click to show all stack frames", "Click to hide stack frames")'>Click to show all stack frames</a>
<div class='stack-trace' id='stack-trace1574615832'><pre>java.lang.AssertionError: Found 3 accessibility violations:
1) Heading levels should only increase by one: https://dequeuniversity.com/rules/axe/3.1/heading-order?application=axeAPI
  a) [&quot;h3&quot;]
    Fix any of the following:
      Heading order invalid


2) Images must have alternate text: https://dequeuniversity.com/rules/axe/3.1/image-alt?application=axeAPI
  a) [&quot;.img-fluid&quot;]
    Fix any of the following:
      Element does not have an alt attribute
      aria-label attribute does not exist or is empty
      aria-labelledby attribute does not exist, references elements that do not exist or references elements that are empty
      Element has no title attribute or the title attribute is empty
      Element&apos;s default semantics were not overridden with role=&quot;presentation&quot;
      Element&apos;s default semantics were not overridden with role=&quot;none&quot;


3) Links must have discernible text: https://dequeuniversity.com/rules/axe/3.1/link-name?application=axeAPI
  a) [&quot;a[href$=\&quot;www.agile1tech.com\&quot;]&quot;]
    Fix all of the following:
      Element is in tab order and does not have accessible text

    Fix any of the following:
      Element does not have text that is visible to screen readers
      aria-label attribute does not exist or is empty
      aria-labelledby attribute does not exist, references elements that do not exist or references elements that are empty
      Element&apos;s default semantics were not overridden with role=&quot;presentation&quot;
      Element&apos;s default semantics were not overridden with role=&quot;none&quot;

 expected [true] but found [false]
	at org.testng.Assert.fail(Assert.java:111)
	at org.testng.Assert.failNotEquals(Assert.java:1590)
	at org.testng.Assert.assertTrue(Assert.java:57)
	at axeFirst.tests.Agile1TechEntireTest.testResultsOnAgile1Tech(Agile1TechEntireTest.java:51)
	at java.base/jdk.internal.reflect.DirectMethodHandleAccessor.invoke(DirectMethodHandleAccessor.java:103)
	at java.base/java.lang.reflect.Method.invoke(Method.java:580)
	at org.testng.internal.invokers.MethodInvocationHelper.invokeMethod(MethodInvocationHelper.java:141)
	at org.testng.internal.invokers.TestInvoker.invokeMethod(TestInvoker.java:687)
	at org.testng.internal.invokers.TestInvoker.invokeTestMethod(TestInvoker.java:230)
	at org.testng.internal.invokers.MethodRunner.runInSequence(MethodRunner.java:63)
	at org.testng.internal.invokers.TestInvoker$MethodInvocationAgent.invoke(TestInvoker.java:995)
	at org.testng.internal.invokers.TestInvoker.invokeTestMethods(TestInvoker.java:203)
	at org.testng.internal.invokers.TestMethodWorker.invokeTestMethods(TestMethodWorker.java:154)
	at org.testng.internal.invokers.TestMethodWorker.run(TestMethodWorker.java:134)
	at java.base/java.util.ArrayList.forEach(ArrayList.java:1596)
	at org.testng.TestRunner.privateRun(TestRunner.java:741)
	at org.testng.TestRunner.run(TestRunner.java:616)
	at org.testng.SuiteRunner.runTest(SuiteRunner.java:421)
	at org.testng.SuiteRunner.runSequentially(SuiteRunner.java:413)
	at org.testng.SuiteRunner.privateRun(SuiteRunner.java:373)
	at org.testng.SuiteRunner.run(SuiteRunner.java:312)
	at org.testng.SuiteRunnerWorker.runSuite(SuiteRunnerWorker.java:52)
	at org.testng.SuiteRunnerWorker.run(SuiteRunnerWorker.java:95)
	at org.testng.TestNG.runSuitesSequentially(TestNG.java:1274)
	at org.testng.TestNG.runSuitesLocally(TestNG.java:1208)
	at org.testng.TestNG.runSuites(TestNG.java:1112)
	at org.testng.TestNG.run(TestNG.java:1079)
	at org.testng.remote.AbstractRemoteTestNG.run(AbstractRemoteTestNG.java:115)
	at org.testng.remote.RemoteTestNG.initAndRun(RemoteTestNG.java:293)
	at org.testng.remote.RemoteTestNG.main(RemoteTestNG.java:91)
</pre></div></td>
<td>0</td>
<td>axeFirst.tests.Agile1TechEntireTest@6150c3ec</td></tr>
</table><p>
<table width='100%' border='1' class='invocation-passed'>
<tr><td colspan='4' align='center'><b>PASSED TESTS</b></td></tr>
<tr><td><b>Test method</b></td>
<td><b>Attribute(s)</b></td>
<td width="30%"><b>Exception</b></td>
<td width="10%"><b>Time (seconds)</b></td>
<td><b>Instance</b></td>
</tr>
<tr>
<td title='axeFirst.tests.Agile1TechTitleTest.testResultsOnAgile1TechTitle()'><b>testResultsOnAgile1TechTitle</b><br>Test class: axeFirst.tests.Agile1TechTitleTest<br>Parameters: https://www.agile1tech.com/career, YahooTest</td>
<td></td>
<td>0</td>
<td>axeFirst.tests.Agile1TechTitleTest@45c7e403</td></tr>
<tr>
<td title='axeFirst.tests.Agile1TechCorporateTest.testResultsOnAgile1TechElementLink()'><b>testResultsOnAgile1TechElementLink</b><br>Test class: axeFirst.tests.Agile1TechCorporateTest</td>
<td></td>
<td>1</td>
<td>axeFirst.tests.Agile1TechCorporateTest@710f4dc7</td></tr>
<tr>
<td title='axeFirst.tests.Agile1TechPortalCareerBtnTest.testResultsOnAgile1TechElementButton()'><b>testResultsOnAgile1TechElementButton</b><br>Test class: axeFirst.tests.Agile1TechPortalCareerBtnTest</td>
<td></td>
<td>0</td>
<td>axeFirst.tests.Agile1TechPortalCareerBtnTest@2925bf5b</td></tr>
<tr>
<td title='axeFirst.tests.Agile1TechTitleTest.testResultsOnAgile1TechTitle()'><b>testResultsOnAgile1TechTitle</b><br>Test class: axeFirst.tests.Agile1TechTitleTest<br>Parameters: https://www.agile1tech.com/, Agile1TechCorporateTest</td>
<td></td>
<td>1</td>
<td>axeFirst.tests.Agile1TechTitleTest@45c7e403</td></tr>
</table><p>
</body>
</html>